#
# There is insufficient memory for the Java Runtime Environment to continue.
# Native memory allocation (mmap) failed to map 6442450944 bytes for Failed to commit area from 0x0000000680000000 to 0x0000000800000000 of length 6442450944.
# Possible reasons:
#   The system is out of physical RAM or swap space
#   The process is running with CompressedOops enabled, and the Java Heap may be blocking the growth of the native heap
# Possible solutions:
#   Reduce memory load on the system
#   Increase physical memory or swap space
#   Check if swap backing store is full
#   Decrease Java heap size (-Xmx/-Xms)
#   Decrease number of Java threads
#   Decrease Java thread stack sizes (-Xss)
#   Set larger code cache with -XX:ReservedCodeCacheSize=
#   JVM is running with Zero Based Compressed Oops mode in which the Java heap is
#     placed in the first 32GB address space. The Java Heap base address is the
#     maximum limit for the native heap growth. Please use -XX:HeapBaseMinAddress
#     to set the Java Heap base and to place the Java Heap above 32GB virtual address.
# This output file may be truncated or incomplete.
#
#  Out of Memory Error (./open/src/hotspot/os/windows/os_windows.cpp:3315), pid=21256, tid=22280
#
# JRE version:  (14.0.1+7) (build )
# Java VM: OpenJDK 64-Bit Server VM (14.0.1+7, mixed mode, sharing, tiered, compressed oops, g1 gc, windows-amd64)
# No core dump will be written. Minidumps are not enabled by default on client versions of Windows
#

---------------  S U M M A R Y ------------

Command Line: -XX:+UseG1GC -XX:MaxGCPauseMillis=500 -Xss256k -Xms6G -Xmx6G -XX:MaxDirectMemorySize=1G -javaagent:D:\Program Files\apps\IDEA-U\ch-0\201.7846.76\lib\idea_rt.jar=12461:D:\Program Files\apps\IDEA-U\ch-0\201.7846.76\bin -Dfile.encoding=UTF-8 com.kuaishou.kcode.KcodeRpcMonitorTest

Host: Intel(R) Core(TM) i5-9400F CPU @ 2.90GHz, 6 cores, 23G,  Windows 10 , 64 bit Build 18362 (10.0.18362.900)
Time: Sun Jun 21 02:02:11 2020 ?D1¨²¡À¨º¡Á?¨º¡À?? elapsed time: 0 seconds (0d 0h 0m 0s)

---------------  T H R E A D  ---------------

Current thread (0x0000023559322800):  JavaThread "Unknown thread" [_thread_in_vm, id=22280, stack(0x00000043aab20000,0x00000043aab60000)]

Stack: [0x00000043aab20000,0x00000043aab60000]
Native frames: (J=compiled Java code, j=interpreted, Vv=VM code, C=native code)
V  [jvm.dll+0x5f840a]
V  [jvm.dll+0x741e4a]
V  [jvm.dll+0x7435ff]
V  [jvm.dll+0x743c43]
V  [jvm.dll+0x20d288]
V  [jvm.dll+0x5f57ba]
V  [jvm.dll+0x5ea615]
V  [jvm.dll+0x2c7e9c]
V  [jvm.dll+0x2c7cd2]
V  [jvm.dll+0x2cdbbc]
V  [jvm.dll+0x313ff8]
V  [jvm.dll+0x313720]
V  [jvm.dll+0x2a092a]
V  [jvm.dll+0x2a1a79]
V  [jvm.dll+0x71f718]
V  [jvm.dll+0x321c44]
V  [jvm.dll+0x700b0c]
V  [jvm.dll+0x392dff]
V  [jvm.dll+0x394e71]
C  [jli.dll+0x523b]
C  [ucrtbase.dll+0x20e82]
C  [KERNEL32.DLL+0x17bd4]
C  [ntdll.dll+0x6ce51]


---------------  P R O C E S S  ---------------

Threads class SMR info:
_java_thread_list=0x00007ffe98c33078, length=0, elements={
}

Java Threads: ( => current thread )

Other Threads:
  0x000002355938d000 GCTaskThread "GC Thread#0" [stack: 0x00000043ab200000,0x00000043ab300000] [id=32204]
  0x00000235593a6000 ConcurrentGCThread "G1 Main Marker" [stack: 0x00000043ab300000,0x00000043ab400000] [id=28144]
  0x00000235593a8000 ConcurrentGCThread "G1 Conc#0" [stack: 0x00000043ab400000,0x00000043ab500000] [id=28656]

[error occurred during error reporting (printing all threads), id 0xc0000005, EXCEPTION_ACCESS_VIOLATION (0xc0000005) at pc=0x00007ffe98461257]

VM state:not at safepoint (not fully initialized)

VM Mutex/Monitor currently owned by a thread:  ([mutex/lock_event])
[0x000002355931e1e0] Heap_lock - owner thread: 0x0000023559322800

Heap address: 0x0000000680000000, size: 6144 MB, Compressed Oops mode: Zero based, Oop shift amount: 3
Narrow klass base: 0x0000000000000000, Narrow klass shift: 0

GC Heap History (0 events):
No events

Deoptimization events (0 events):
No events

Classes unloaded (0 events):
No events

Classes redefined (0 events):
No events

Internal exceptions (0 events):
No events

Events (2 events):
Event: 0.006 Loaded shared library C:\Users\qq295\.jdks\openjdk-14.0.1\bin\java.dll
Event: 0.006 Loaded shared library C:\Users\qq295\.jdks\openjdk-14.0.1\bin\zip.dll


Dynamic libraries:
0x00007ff65e660000 - 0x00007ff65e66d000 	C:\Users\qq295\.jdks\openjdk-14.0.1\bin\java.exe
0x00007ffea98a0000 - 0x00007ffea9a90000 	C:\Windows\SYSTEM32\ntdll.dll
0x00007ffea96d0000 - 0x00007ffea9782000 	C:\Windows\System32\KERNEL32.DLL
0x00007ffea7470000 - 0x00007ffea7714000 	C:\Windows\System32\KERNELBASE.dll
0x00007ffea7850000 - 0x00007ffea794a000 	C:\Windows\System32\ucrtbase.dll
0x00007ffea3010000 - 0x00007ffea3028000 	C:\Users\qq295\.jdks\openjdk-14.0.1\bin\jli.dll
0x00007ffe9c0b0000 - 0x00007ffe9c0c5000 	C:\Users\qq295\.jdks\openjdk-14.0.1\bin\VCRUNTIME140.dll
0x00007ffea7a60000 - 0x00007ffea7bf4000 	C:\Windows\System32\USER32.dll
0x00007ffea7440000 - 0x00007ffea7461000 	C:\Windows\System32\win32u.dll
0x00007ffe8b860000 - 0x00007ffe8bae4000 	C:\Windows\WinSxS\amd64_microsoft.windows.common-controls_6595b64144ccf1df_6.0.18362.900_none_e6beb9d913147d17\COMCTL32.dll
0x00007ffea8320000 - 0x00007ffea83be000 	C:\Windows\System32\msvcrt.dll
0x00007ffea8eb0000 - 0x00007ffea91e5000 	C:\Windows\System32\combase.dll
0x00007ffea91f0000 - 0x00007ffea9310000 	C:\Windows\System32\RPCRT4.dll
0x00007ffea7950000 - 0x00007ffea7976000 	C:\Windows\System32\GDI32.dll
0x00007ffea7030000 - 0x00007ffea71c5000 	C:\Windows\System32\gdi32full.dll
0x00007ffea7320000 - 0x00007ffea73a0000 	C:\Windows\System32\bcryptPrimitives.dll
0x00007ffea73a0000 - 0x00007ffea743e000 	C:\Windows\System32\msvcp_win.dll
0x00007ffea7980000 - 0x00007ffea79ae000 	C:\Windows\System32\IMM32.DLL
0x00007ffe9b950000 - 0x00007ffe9b9eb000 	C:\Users\qq295\.jdks\openjdk-14.0.1\bin\msvcp140.dll
0x00007ffe981b0000 - 0x00007ffe98cce000 	C:\Users\qq295\.jdks\openjdk-14.0.1\bin\server\jvm.dll
0x00007ffea8420000 - 0x00007ffea84c3000 	C:\Windows\System32\ADVAPI32.dll
0x00007ffea8b00000 - 0x00007ffea8b97000 	C:\Windows\System32\sechost.dll
0x00007ffea9460000 - 0x00007ffea9468000 	C:\Windows\System32\PSAPI.DLL
0x00007ffe64e40000 - 0x00007ffe64e49000 	C:\Windows\SYSTEM32\WSOCK32.dll
0x00007ffea47c0000 - 0x00007ffea47e4000 	C:\Windows\SYSTEM32\WINMM.dll
0x00007ffea8ba0000 - 0x00007ffea8c0f000 	C:\Windows\System32\WS2_32.dll
0x00007ffea03a0000 - 0x00007ffea03aa000 	C:\Windows\SYSTEM32\VERSION.dll
0x00007ffea4790000 - 0x00007ffea47bd000 	C:\Windows\SYSTEM32\WINMMBASE.dll
0x00007ffea6830000 - 0x00007ffea687a000 	C:\Windows\System32\cfgmgr32.dll
0x00007ffea67c0000 - 0x00007ffea67d1000 	C:\Windows\System32\kernel.appcore.dll
0x00007ffe9c310000 - 0x00007ffe9c31a000 	C:\Users\qq295\.jdks\openjdk-14.0.1\bin\jimage.dll
0x00007ffe9ff90000 - 0x00007ffea0184000 	C:\Windows\SYSTEM32\DBGHELP.DLL
0x00007ffe9ff20000 - 0x00007ffe9ff4a000 	C:\Windows\SYSTEM32\dbgcore.DLL
0x00007ffe9bf90000 - 0x00007ffe9bf9e000 	C:\Users\qq295\.jdks\openjdk-14.0.1\bin\instrument.dll
0x00007ffe9b920000 - 0x00007ffe9b945000 	C:\Users\qq295\.jdks\openjdk-14.0.1\bin\java.dll
0x00007ffe9c090000 - 0x00007ffe9c0a6000 	C:\Users\qq295\.jdks\openjdk-14.0.1\bin\zip.dll

dbghelp: loaded successfully - version: 4.0.5 - missing functions: none
symbol engine: initialized successfully - sym options: 0x614 - pdb path: .;C:\Users\qq295\.jdks\openjdk-14.0.1\bin;C:\Windows\SYSTEM32;C:\Windows\WinSxS\amd64_microsoft.windows.common-controls_6595b64144ccf1df_6.0.18362.900_none_e6beb9d913147d17;C:\Users\qq295\.jdks\openjdk-14.0.1\bin\server

VM Arguments:
jvm_args: -XX:+UseG1GC -XX:MaxGCPauseMillis=500 -Xss256k -Xms6G -Xmx6G -XX:MaxDirectMemorySize=1G -javaagent:D:\Program Files\apps\IDEA-U\ch-0\201.7846.76\lib\idea_rt.jar=12461:D:\Program Files\apps\IDEA-U\ch-0\201.7846.76\bin -Dfile.encoding=UTF-8 
java_command: com.kuaishou.kcode.KcodeRpcMonitorTest
java_class_path (initial): D:\Github\KcodeRpcMonitor-master\target\test-classes;D:\Github\KcodeRpcMonitor-master\target\classes
Launcher Type: SUN_STANDARD

[Global flags]
     intx CICompilerCount                          = 3                                         {product} {ergonomic}
     uint ConcGCThreads                            = 2                                         {product} {ergonomic}
     uint G1ConcRefinementThreads                  = 6                                         {product} {ergonomic}
   size_t G1HeapRegionSize                         = 2097152                                   {product} {ergonomic}
    uintx GCDrainStackTargetSize                   = 64                                        {product} {ergonomic}
   size_t InitialHeapSize                          = 6442450944                                {product} {command line}
   size_t MarkStackSize                            = 4194304                                   {product} {ergonomic}
 uint64_t MaxDirectMemorySize                      = 1073741824                                {product} {command line}
    uintx MaxGCPauseMillis                         = 500                                       {product} {command line}
   size_t MaxHeapSize                              = 6442450944                                {product} {command line}
   size_t MinHeapDeltaBytes                        = 2097152                                   {product} {ergonomic}
   size_t MinHeapSize                              = 6442450944                                {product} {command line}
    uintx NonNMethodCodeHeapSize                   = 5832780                                {pd product} {ergonomic}
    uintx NonProfiledCodeHeapSize                  = 122912730                              {pd product} {ergonomic}
    uintx ProfiledCodeHeapSize                     = 122912730                              {pd product} {ergonomic}
    uintx ReservedCodeCacheSize                    = 251658240                              {pd product} {ergonomic}
     bool SegmentedCodeCache                       = true                                      {product} {ergonomic}
   size_t SoftMaxHeapSize                          = 6442450944                             {manageable} {ergonomic}
     intx ThreadStackSize                          = 256                                    {pd product} {command line}
     bool UseCompressedClassPointers               = true                                 {lp64_product} {ergonomic}
     bool UseCompressedOops                        = true                                 {lp64_product} {ergonomic}
     bool UseG1GC                                  = true                                      {product} {command line}
     bool UseLargePagesIndividualAllocation        = false                                  {pd product} {ergonomic}

Logging:
Log output configuration:
 #0: stdout all=warning uptime,level,tags
 #1: stderr all=off uptime,level,tags

Environment Variables:
PATH=D:\Python27\;D:\Python27\Scripts;D:\Program Files (x86)\NetSarang\Xshell 6\;C:\Windows\system32;C:\Windows;C:\Windows\System32\Wbem;C:\Windows\System32\WindowsPowerShell\v1.0\;C:\Windows\System32\OpenSSH\;C:\Program Files (x86)\NVIDIA Corporation\PhysX\Common;C:\Program Files\NVIDIA Corporation\NVIDIA NvDLISR;C:\Program Files\Git\cmd;C:\Program Files\nodejs\;C:\ProgramData\chocolatey\bin;D:\Anaconda3;C:\Users\qq295\AppData\Local\Microsoft\WindowsApps;C:\Users\qq295\AppData\Local\Programs\Microsoft VS Code\bin;C:\Users\qq295\AppData\Local\GitHubDesktop\bin;C:\Users\qq295\AppData\Roaming\npm
USERNAME=qq295
OS=Windows_NT
PROCESSOR_IDENTIFIER=Intel64 Family 6 Model 158 Stepping 10, GenuineIntel



---------------  S Y S T E M  ---------------

OS: Windows 10 , 64 bit Build 18362 (10.0.18362.900)
OS uptime: 1 days 13:50 hours

CPU:total 6 (initial active 6) (6 cores per cpu, 1 threads per core) family 6 model 158 stepping 10, cmov, cx8, fxsr, mmx, sse, sse2, sse3, ssse3, sse4.1, sse4.2, popcnt, avx, avx2, aes, clmul, erms, 3dnowpref, lzcnt, tsc, tscinvbit, bmi1, bmi2, adx, fma

Memory: 4k page, system-wide physical 24491M (9391M free)
TotalPageFile size 34973M (AvailPageFile size 2252M)
current process WorkingSet (physical memory assigned to process): 10M, peak: 10M
current process commit charge ("private bytes"): 56M, peak: 6200M

vm_info: OpenJDK 64-Bit Server VM (14.0.1+7) for windows-amd64 JRE (14.0.1+7), built on Mar  5 2020 10:30:04 by "mach5one" with MS VC++ 15.9 (VS2017)

END.
